[1mRunning test suite...[0m
pytest backend/tests/ \
		--tb=short \
		--strict-markers \
		-v
============================= test session starts ==============================
platform darwin -- Python 3.13.8, pytest-8.2.0, pluggy-1.6.0 -- /Users/x/Documents/shoebox/.venv/bin/python3.13
cachedir: .pytest_cache
rootdir: /Users/x/Documents/shoebox
configfile: pyproject.toml
plugins: dash-2.17.1, anyio-4.13.0
collecting ... collected 35 items

backend/tests/test_categorization.py::test_categorize_known_merchants[GOOGLE *WORKSPACE-Logiciels & abonnements-False] PASSED [  2%]
backend/tests/test_categorization.py::test_categorize_known_merchants[ADOBE *CREATIVE CL-Logiciels & abonnements-False] PASSED [  5%]
backend/tests/test_categorization.py::test_categorize_known_merchants[CANVA.COM-Logiciels & abonnements-False] PASSED [  8%]
backend/tests/test_categorization.py::test_categorize_known_merchants[SHOPIFY* 1234567-Ecommerce-False] PASSED [ 11%]
backend/tests/test_categorization.py::test_categorize_known_merchants[VRBO COWORKING MTL-Coworking-False] PASSED [ 14%]
backend/tests/test_categorization.py::test_categorize_known_merchants[AMAZON.CA *OFFICE-Fournitures & envois-False] PASSED [ 17%]
backend/tests/test_categorization.py::test_categorize_known_merchants[STAPLES #0312-Fournitures & envois-False] PASSED [ 20%]
backend/tests/test_categorization.py::test_categorize_known_merchants[POSTES CANADA-Fournitures & envois-False] PASSED [ 22%]
backend/tests/test_categorization.py::test_categorize_known_merchants[WAYMO BUSINESS *X MONTREAL-Transport-False] PASSED [ 25%]
backend/tests/test_categorization.py::test_categorize_known_merchants[SQ *CAFE MYRIADE-Repas d'affaires-False] PASSED [ 28%]
backend/tests/test_categorization.py::test_categorize_known_merchants[NETFLIX.COM-Personnel (exclu)-True] PASSED [ 31%]
backend/tests/test_categorization.py::test_categorize_known_merchants[PETCO #4521-Personnel (exclu)-True] PASSED [ 34%]
backend/tests/test_categorization.py::test_categorize_known_merchants[UNKNOWN VENDOR XYZ-Non cat\xe9goris\xe9-False] PASSED [ 37%]
backend/tests/test_categorization.py::test_personal_transaction_is_flagged PASSED [ 40%]
backend/tests/test_categorization.py::test_business_transaction_is_not_flagged PASSED [ 42%]
backend/tests/test_categorization.py::test_categorize_is_case_insensitive PASSED [ 45%]
backend/tests/test_categorization.py::test_is_duplicate_prone[ADOBE *CREATIVE CL-True] PASSED [ 48%]
backend/tests/test_categorization.py::test_is_duplicate_prone[SHOPIFY* 1234567-True] PASSED [ 51%]
backend/tests/test_categorization.py::test_is_duplicate_prone[VRBO COWORKING MTL-True] PASSED [ 54%]
backend/tests/test_categorization.py::test_is_duplicate_prone[POSTES CANADA-False] PASSED [ 57%]
backend/tests/test_categorization.py::test_is_duplicate_prone[AMAZON.CA *OFFICE-False] PASSED [ 60%]
backend/tests/test_id_generator.py::test_generate_id_returns_correct_format PASSED [ 62%]
backend/tests/test_id_generator.py::test_generate_id_uses_doc_type_prefix PASSED [ 65%]
backend/tests/test_id_generator.py::test_generate_id_increments_sequence PASSED [ 68%]
backend/tests/test_id_generator.py::test_generate_id_raises_for_unknown_table PASSED [ 71%]
backend/tests/test_ingestion_service.py::test_ingest_creates_transaction PASSED [ 74%]
backend/tests/test_ingestion_service.py::test_ingest_creates_payment_source_if_missing PASSED [ 77%]
backend/tests/test_ingestion_service.py::test_ingest_reuses_existing_source PASSED [ 80%]
backend/tests/test_ingestion_service.py::test_ingest_returns_no_parser_status_for_unsupported_file PASSED [ 82%]
backend/tests/test_transaction_router.py::test_create_manual_transaction PASSED [ 85%]
backend/tests/test_transaction_router.py::test_get_transaction_not_found PASSED [ 88%]
backend/tests/test_transaction_router.py::test_create_transaction_rejects_zero_amount PASSED [ 91%]
backend/tests/test_transaction_router.py::test_list_transactions_returns_empty_initially PASSED [ 94%]
backend/tests/test_transaction_router.py::test_update_transaction_category PASSED [ 97%]
backend/tests/test_transaction_router.py::test_delete_transaction PASSED [100%]

=============================== warnings summary ===============================
.venv/lib/python3.13/site-packages/pytesseract/pytesseract.py:32
  /Users/x/Documents/shoebox/.venv/lib/python3.13/site-packages/pytesseract/pytesseract.py:32: DeprecationWarning: 'pkgutil.find_loader' is deprecated and slated for removal in Python 3.14; use importlib.util.find_spec() instead
    numpy_installed = find_loader('numpy') is not None

.venv/lib/python3.13/site-packages/pytesseract/pytesseract.py:36
  /Users/x/Documents/shoebox/.venv/lib/python3.13/site-packages/pytesseract/pytesseract.py:36: DeprecationWarning: 'pkgutil.find_loader' is deprecated and slated for removal in Python 3.14; use importlib.util.find_spec() instead
    pandas_installed = find_loader('pandas') is not None

<frozen importlib._bootstrap>:488
<frozen importlib._bootstrap>:488
  <frozen importlib._bootstrap>:488: DeprecationWarning: builtin type SwigPyPacked has no __module__ attribute

<frozen importlib._bootstrap>:488
<frozen importlib._bootstrap>:488
  <frozen importlib._bootstrap>:488: DeprecationWarning: builtin type SwigPyObject has no __module__ attribute

<frozen importlib._bootstrap>:488
  <frozen importlib._bootstrap>:488: DeprecationWarning: builtin type swigvarlink has no __module__ attribute

backend/tests/test_transaction_router.py::test_update_transaction_category
  /Users/x/Documents/shoebox/backend/infrastructure/db/repositories.py:185: DeprecationWarning: datetime.datetime.utcnow() is deprecated and scheduled for removal in a future version. Use timezone-aware objects to represent datetimes in UTC: datetime.datetime.now(datetime.UTC).
    orm.updated_at        = datetime.utcnow()

-- Docs: https://docs.pytest.org/en/stable/how-to/capture-warnings.html
======================== 35 passed, 8 warnings in 0.26s ========================
